<?xml version="1.0" encoding="UTF-8"?>
<testng-results ignored="0" total="2" passed="2" failed="0" skipped="0">
  <reporter-output>
  </reporter-output>
  <suite started-at="2021-01-27T12:51:40 IST" name="Suite" finished-at="2021-01-27T12:52:01 IST" duration-ms="20503">
    <groups>
    </groups>
    <test started-at="2021-01-27T12:51:40 IST" name="Test" finished-at="2021-01-27T12:52:01 IST" duration-ms="20503">
      <class name="com.hrms.testscripts.TC001">
        <test-method signature="TC001()[pri:0, instance:com.hrms.testscripts.TC001@3943a2be]" started-at="2021-01-27T12:51:40 IST" name="TC001" finished-at="2021-01-27T12:51:51 IST" duration-ms="10601" status="PASS">
          <reporter-output>
          </reporter-output>
        </test-method> <!-- TC001 -->
      </class> <!-- com.hrms.testscripts.TC001 -->
      <class name="com.hrms.testscripts.TC002">
        <test-method signature="TC002()[pri:0, instance:com.hrms.testscripts.TC002@343570b7]" started-at="2021-01-27T12:51:51 IST" name="TC002" finished-at="2021-01-27T12:52:01 IST" duration-ms="9874" status="PASS">
          <reporter-output>
          </reporter-output>
        </test-method> <!-- TC002 -->
      </class> <!-- com.hrms.testscripts.TC002 -->
    </test> <!-- Test -->
  </suite> <!-- Suite -->
</testng-results>
